2023-04-15 10:29:47,422 [main] INFO  in.chirag.SpringAwsDemoApplication                 - ===> main method started
2023-04-15 10:29:48,629 [main] INFO  in.chirag.SpringAwsDemoApplication                 - Starting SpringAwsDemoApplication using Java 17.0.6 on DESKTOP-7DVQ9O6 with PID 1232 (F:\IntellijWorkspace\spring-aws-demo\target\classes started by addmin in F:\IntellijWorkspace\spring-aws-demo)
2023-04-15 10:29:48,631 [main] INFO  in.chirag.SpringAwsDemoApplication                 - No active profile set, falling back to 1 default profile: "default"
2023-04-15 10:29:52,805 [main] INFO  o.s.b.w.embedded.tomcat.TomcatWebServer            - Tomcat initialized with port(s): 8080 (http)
2023-04-15 10:29:52,822 [main] INFO  o.apache.coyote.http11.Http11NioProtocol           - Initializing ProtocolHandler ["http-nio-8080"]
2023-04-15 10:29:52,824 [main] INFO  org.apache.catalina.core.StandardService           - Starting service [Tomcat]
2023-04-15 10:29:52,824 [main] INFO  org.apache.catalina.core.StandardEngine            - Starting Servlet engine: [Apache Tomcat/9.0.73]
2023-04-15 10:29:53,273 [main] INFO  o.a.c.c.C.[Tomcat].[localhost].[/]                 - Initializing Spring embedded WebApplicationContext
2023-04-15 10:29:53,274 [main] INFO  o.s.b.w.s.c.ServletWebServerApplicationContext     - Root WebApplicationContext: initialization completed in 4463 ms
2023-04-15 10:29:54,173 [main] INFO  o.apache.coyote.http11.Http11NioProtocol           - Starting ProtocolHandler ["http-nio-8080"]
2023-04-15 10:29:54,207 [main] INFO  o.s.b.w.embedded.tomcat.TomcatWebServer            - Tomcat started on port(s): 8080 (http) with context path ''
2023-04-15 10:29:54,244 [main] INFO  in.chirag.SpringAwsDemoApplication                 - Started SpringAwsDemoApplication in 6.546 seconds (JVM running for 9.898)
2023-04-15 10:29:54,248 [main] INFO  in.chirag.SpringAwsDemoApplication                 - ===> main method executed
2023-04-15 10:39:36,251 [http-nio-8080-exec-1] INFO  o.a.c.c.C.[Tomcat].[localhost].[/]                 - Initializing Spring DispatcherServlet 'dispatcherServlet'
2023-04-15 10:39:36,252 [http-nio-8080-exec-1] INFO  o.s.web.servlet.DispatcherServlet                  - Initializing Servlet 'dispatcherServlet'
2023-04-15 10:39:36,254 [http-nio-8080-exec-1] INFO  o.s.web.servlet.DispatcherServlet                  - Completed initialization in 2 ms
2023-04-15 10:39:36,302 [http-nio-8080-exec-1] INFO  in.chirag.WelcomeRestController                    - get welcome msg executed
2023-04-15 10:41:49,682 [main] INFO  o.s.b.t.c.SpringBootTestContextBootstrapper        - Neither @ContextConfiguration nor @ContextHierarchy found for test class [in.chirag.SpringAwsDemoApplicationTests], using SpringBootContextLoader
2023-04-15 10:41:49,695 [main] INFO  o.s.t.c.support.AbstractContextLoader              - Could not detect default resource locations for test class [in.chirag.SpringAwsDemoApplicationTests]: no resource found for suffixes {-context.xml, Context.groovy}.
2023-04-15 10:41:49,699 [main] INFO  o.s.t.c.s.AnnotationConfigContextLoaderUtils       - Could not detect default configuration classes for test class [in.chirag.SpringAwsDemoApplicationTests]: SpringAwsDemoApplicationTests does not declare any static, non-private, non-final, nested classes annotated with @Configuration.
2023-04-15 10:41:50,098 [main] INFO  o.s.b.t.c.SpringBootTestContextBootstrapper        - Found @SpringBootConfiguration in.chirag.SpringAwsDemoApplication for test class in.chirag.SpringAwsDemoApplicationTests
2023-04-15 10:41:50,372 [main] INFO  o.s.b.t.c.SpringBootTestContextBootstrapper        - Loaded default TestExecutionListener class names from location [META-INF/spring.factories]: [org.springframework.boot.test.mock.mockito.MockitoTestExecutionListener, org.springframework.boot.test.mock.mockito.ResetMocksTestExecutionListener, org.springframework.boot.test.autoconfigure.restdocs.RestDocsTestExecutionListener, org.springframework.boot.test.autoconfigure.web.client.MockRestServiceServerResetTestExecutionListener, org.springframework.boot.test.autoconfigure.web.servlet.MockMvcPrintOnlyOnFailureTestExecutionListener, org.springframework.boot.test.autoconfigure.web.servlet.WebDriverTestExecutionListener, org.springframework.boot.test.autoconfigure.webservices.client.MockWebServiceServerTestExecutionListener, org.springframework.test.context.web.ServletTestExecutionListener, org.springframework.test.context.support.DirtiesContextBeforeModesTestExecutionListener, org.springframework.test.context.event.ApplicationEventsTestExecutionListener, org.springframework.test.context.support.DependencyInjectionTestExecutionListener, org.springframework.test.context.support.DirtiesContextTestExecutionListener, org.springframework.test.context.transaction.TransactionalTestExecutionListener, org.springframework.test.context.jdbc.SqlScriptsTestExecutionListener, org.springframework.test.context.event.EventPublishingTestExecutionListener]
2023-04-15 10:41:50,417 [main] INFO  o.s.b.t.c.SpringBootTestContextBootstrapper        - Using TestExecutionListeners: [org.springframework.test.context.web.ServletTestExecutionListener@a43ce46, org.springframework.test.context.support.DirtiesContextBeforeModesTestExecutionListener@340da44c, org.springframework.test.context.event.ApplicationEventsTestExecutionListener@424ebba3, org.springframework.boot.test.mock.mockito.MockitoTestExecutionListener@37052337, org.springframework.boot.test.autoconfigure.SpringBootDependencyInjectionTestExecutionListener@2320fa6f, org.springframework.test.context.support.DirtiesContextTestExecutionListener@7a560583, org.springframework.test.context.event.EventPublishingTestExecutionListener@4d722ac9, org.springframework.boot.test.mock.mockito.ResetMocksTestExecutionListener@53f0a4cb, org.springframework.boot.test.autoconfigure.restdocs.RestDocsTestExecutionListener@77a7cf58, org.springframework.boot.test.autoconfigure.web.client.MockRestServiceServerResetTestExecutionListener@3d97a632, org.springframework.boot.test.autoconfigure.web.servlet.MockMvcPrintOnlyOnFailureTestExecutionListener@616fe72b, org.springframework.boot.test.autoconfigure.web.servlet.WebDriverTestExecutionListener@37efd131, org.springframework.boot.test.autoconfigure.webservices.client.MockWebServiceServerTestExecutionListener@7e7b159b]
2023-04-15 10:41:51,637 [main] INFO  in.chirag.SpringAwsDemoApplicationTests            - Starting SpringAwsDemoApplicationTests using Java 17.0.6 on DESKTOP-7DVQ9O6 with PID 9820 (started by addmin in F:\IntellijWorkspace\spring-aws-demo)
2023-04-15 10:41:51,640 [main] INFO  in.chirag.SpringAwsDemoApplicationTests            - No active profile set, falling back to 1 default profile: "default"
2023-04-15 10:41:56,005 [main] INFO  in.chirag.SpringAwsDemoApplicationTests            - Started SpringAwsDemoApplicationTests in 5.471 seconds (JVM running for 8.087)
